        -:    0:Source:romanos.cpp
        -:    1:// Copyright 2024 Breno
        -:    2:#include "./romanos.hpp"
        -:    3:#include <unordered_map>
        -:    4:#include <string>
        -:    5:
        -:    6:using namespace std;
        -:    7:
        8:    8:int romanos_para_decimal(const std::string num_romano) {
        -:    9:  unordered_map<char, int> algarismos = {
        -:   10:    {'I', 1},
        -:   11:    {'V', 5},
        -:   12:    {'X', 10},
        -:   13:    {'L', 50},
        -:   14:    {'C', 100},
        -:   15:    {'D', 500},
        -:   16:    {'M', 1000},
        8:   17:  };
        -:   18:
        8:   19:  int resultado = 0;
        8:   20:  int valorPrevio = 0;
        -:   21:
       19:   22:  for (int i = num_romano.size() - 1; i >= 0; --i) {
       13:   23:    int valor = algarismos[num_romano[i]];
        -:   24:
       13:   25:    if (valor == 0) {
        2:   26:      return -1;
        -:   27:    }
        -:   28:
       11:   29:    if (valor < valorPrevio) {
        3:   30:      resultado -= valor;
        -:   31:    } else {
        8:   32:      resultado += valor;
        -:   33:    }
        -:   34:
       11:   35:    valorPrevio = valor;
        -:   36:  }
        -:   37:
        6:   38:  return resultado;
        8:   39:}
